Debug|Reading config...
Debug|Reading referenced images from 'D:\wf\RawImageMode\original'
Trace|Loading resources for 2 'Background'
Trace|Loading resources for 2.1 'Image'
Trace|Loading image 0...
Trace|Image was loaded from file D:\wf\RawImageMode\original\0000.png
Trace|Loading resources for 3 'Time'
Trace|Loading resources for 3.1 'TwoDigits'
Trace|Loading resources for 3.1.1 'ImageSet'
Trace|Loading image 1...
Trace|Image was loaded from file D:\wf\RawImageMode\original\0001.png
Trace|Loading image 2...
Trace|Image was loaded from file D:\wf\RawImageMode\original\0002.png
Trace|Loading image 3...
Trace|Image was loaded from file D:\wf\RawImageMode\original\0003.png
Trace|Loading image 4...
Trace|Image was loaded from file D:\wf\RawImageMode\original\0004.png
Trace|Loading image 5...
Trace|Image was loaded from file D:\wf\RawImageMode\original\0005.png
Trace|Loading image 6...
Trace|Image was loaded from file D:\wf\RawImageMode\original\0006.png
Trace|Loading image 7...
Trace|Image was loaded from file D:\wf\RawImageMode\original\0007.png
Trace|Loading image 8...
Trace|Image was loaded from file D:\wf\RawImageMode\original\0008.png
Trace|Loading image 9...
Trace|Image was loaded from file D:\wf\RawImageMode\original\0009.png
Trace|Loading image 10...
Trace|Image was loaded from file D:\wf\RawImageMode\original\0010.png
Trace|Loading resources for 3.1.2 'ImageSet'
Trace|Loading resources for 3.2 'TwoDigits'
Trace|Loading resources for 3.2.1 'ImageSet'
Trace|Loading image 11...
Trace|Image was loaded from file D:\wf\RawImageMode\original\0011.png
Trace|Loading image 12...
Trace|Image was loaded from file D:\wf\RawImageMode\original\0012.png
Trace|Loading image 13...
Trace|Image was loaded from file D:\wf\RawImageMode\original\0013.png
Trace|Loading image 14...
Trace|Image was loaded from file D:\wf\RawImageMode\original\0014.png
Trace|Loading image 15...
Trace|Image was loaded from file D:\wf\RawImageMode\original\0015.png
Trace|Loading image 16...
Trace|Image was loaded from file D:\wf\RawImageMode\original\0016.png
Trace|Loading image 17...
Trace|Image was loaded from file D:\wf\RawImageMode\original\0017.png
Trace|Loading image 18...
Trace|Image was loaded from file D:\wf\RawImageMode\original\0018.png
Trace|Loading image 19...
Trace|Image was loaded from file D:\wf\RawImageMode\original\0019.png
Trace|Loading image 20...
Trace|Image was loaded from file D:\wf\RawImageMode\original\0020.png
Trace|Loading resources for 3.2.2 'ImageSet'
Trace|Loading resources for 4 'Activity'
Trace|Loading resources for 4.1 'Steps'
Trace|Loading resources for 4.1.1 'Number'
Trace|Loading resources for 4.1.1.5 'TextAlignment'
Trace|Loading image 31...
Trace|Image was loaded from file D:\wf\RawImageMode\original\0031.png
Trace|Loading image 32...
Trace|Image was loaded from file D:\wf\RawImageMode\original\0032.png
Trace|Loading image 33...
Trace|Image was loaded from file D:\wf\RawImageMode\original\0033.png
Trace|Loading image 34...
Trace|Image was loaded from file D:\wf\RawImageMode\original\0034.png
Trace|Loading image 35...
Trace|Image was loaded from file D:\wf\RawImageMode\original\0035.png
Trace|Loading image 36...
Trace|Image was loaded from file D:\wf\RawImageMode\original\0036.png
Trace|Loading image 37...
Trace|Image was loaded from file D:\wf\RawImageMode\original\0037.png
Trace|Loading image 38...
Trace|Image was loaded from file D:\wf\RawImageMode\original\0038.png
Trace|Loading image 39...
Trace|Image was loaded from file D:\wf\RawImageMode\original\0039.png
Trace|Loading image 40...
Trace|Image was loaded from file D:\wf\RawImageMode\original\0040.png
Trace|Loading resources for 4.4 'PulseWrapper'
Trace|Loading resources for 4.4.1 'Number'
Trace|Loading resources for 4.4.1.5 'TextAlignment'
Trace|Loading image 21...
Trace|Image was loaded from file D:\wf\RawImageMode\original\0021.png
Trace|Loading image 22...
Trace|Image was loaded from file D:\wf\RawImageMode\original\0022.png
Trace|Loading image 23...
Trace|Image was loaded from file D:\wf\RawImageMode\original\0023.png
Trace|Loading image 24...
Trace|Image was loaded from file D:\wf\RawImageMode\original\0024.png
Trace|Loading image 25...
Trace|Image was loaded from file D:\wf\RawImageMode\original\0025.png
Trace|Loading image 26...
Trace|Image was loaded from file D:\wf\RawImageMode\original\0026.png
Trace|Loading image 27...
Trace|Image was loaded from file D:\wf\RawImageMode\original\0027.png
Trace|Loading image 28...
Trace|Image was loaded from file D:\wf\RawImageMode\original\0028.png
Trace|Loading image 29...
Trace|Image was loaded from file D:\wf\RawImageMode\original\0029.png
Trace|Loading image 30...
Trace|Image was loaded from file D:\wf\RawImageMode\original\0030.png
Trace|Loading resources for 5 'Date'
Trace|Loading resources for 5.1 'MonthAndDay'
Trace|Loading resources for 5.1.1 'SeparateMonthAndDay'
Trace|Loading resources for 5.1.1.1 'Number'
Trace|Loading resources for 5.1.1.1.5 'TextAlignment'
Trace|Loading image 41...
Trace|Image was loaded from file D:\wf\RawImageMode\original\0041.png
Trace|Loading image 42...
Trace|Image was loaded from file D:\wf\RawImageMode\original\0042.png
Trace|Loading image 43...
Trace|Image was loaded from file D:\wf\RawImageMode\original\0043.png
Trace|Loading image 44...
Trace|Image was loaded from file D:\wf\RawImageMode\original\0044.png
Trace|Loading image 45...
Trace|Image was loaded from file D:\wf\RawImageMode\original\0045.png
Trace|Loading image 46...
Trace|Image was loaded from file D:\wf\RawImageMode\original\0046.png
Trace|Loading image 47...
Trace|Image was loaded from file D:\wf\RawImageMode\original\0047.png
Trace|Loading image 48...
Trace|Image was loaded from file D:\wf\RawImageMode\original\0048.png
Trace|Loading image 49...
Trace|Image was loaded from file D:\wf\RawImageMode\original\0049.png
Trace|Loading image 50...
Trace|Image was loaded from file D:\wf\RawImageMode\original\0050.png
Trace|Loading resources for 5.1.1.3 'Number'
Trace|Loading resources for 5.1.1.3.5 'TextAlignment'
Trace|Loading resources for 5.1.3 'Boolean'
Trace|Loading resources for 5.1.4 'Boolean'
Trace|Loading resources for 5.2 'ImageSet'
Trace|Loading image 80...
Trace|Image was loaded from file D:\wf\RawImageMode\original\0080.png
Trace|Loading image 81...
Trace|Image was loaded from file D:\wf\RawImageMode\original\0081.png
Trace|Loading image 82...
Trace|Image was loaded from file D:\wf\RawImageMode\original\0082.png
Trace|Loading image 83...
Trace|Image was loaded from file D:\wf\RawImageMode\original\0083.png
Trace|Loading image 84...
Trace|Image was loaded from file D:\wf\RawImageMode\original\0084.png
Trace|Loading image 85...
Trace|Image was loaded from file D:\wf\RawImageMode\original\0085.png
Trace|Loading image 86...
Trace|Image was loaded from file D:\wf\RawImageMode\original\0086.png
Trace|Loading image 87...
Trace|Image was loaded from file D:\wf\RawImageMode\original\0087.png
Trace|Loading image 88...
Trace|Image was loaded from file D:\wf\RawImageMode\original\0088.png
Trace|Loading image 89...
Trace|Image was loaded from file D:\wf\RawImageMode\original\0089.png
Trace|Loading image 90...
Trace|Image was loaded from file D:\wf\RawImageMode\original\0090.png
Trace|Loading image 91...
Trace|Image was loaded from file D:\wf\RawImageMode\original\0091.png
Trace|Loading image 92...
Trace|Image was loaded from file D:\wf\RawImageMode\original\0092.png
Trace|Loading image 93...
Trace|Image was loaded from file D:\wf\RawImageMode\original\0093.png
Trace|Loading image 94...
Trace|Image was loaded from file D:\wf\RawImageMode\original\0094.png
Trace|Loading image 95...
Trace|Image was loaded from file D:\wf\RawImageMode\original\0095.png
Trace|Loading image 96...
Trace|Image was loaded from file D:\wf\RawImageMode\original\0096.png
Trace|Loading image 97...
Trace|Image was loaded from file D:\wf\RawImageMode\original\0097.png
Trace|Loading image 98...
Trace|Image was loaded from file D:\wf\RawImageMode\original\0098.png
Trace|Loading image 99...
Trace|Image was loaded from file D:\wf\RawImageMode\original\0099.png
Trace|Loading image 100...
Trace|Image was loaded from file D:\wf\RawImageMode\original\0100.png
Trace|Loading resources for 7 'StepsProgress'
Trace|Loading resources for 7.2 'Scale'
Trace|Loading image 51...
Trace|Image was loaded from file D:\wf\RawImageMode\original\0051.png
Trace|Loading image 52...
Trace|Image was loaded from file D:\wf\RawImageMode\original\0052.png
Trace|Loading image 53...
Trace|Image was loaded from file D:\wf\RawImageMode\original\0053.png
Trace|Loading image 54...
Trace|Image was loaded from file D:\wf\RawImageMode\original\0054.png
Trace|Loading image 55...
Trace|Image was loaded from file D:\wf\RawImageMode\original\0055.png
Trace|Loading image 56...
Trace|Image was loaded from file D:\wf\RawImageMode\original\0056.png
Trace|Loading image 57...
Trace|Image was loaded from file D:\wf\RawImageMode\original\0057.png
Trace|Loading image 58...
Trace|Image was loaded from file D:\wf\RawImageMode\original\0058.png
Trace|Loading image 59...
Trace|Image was loaded from file D:\wf\RawImageMode\original\0059.png
Trace|Loading image 60...
Trace|Image was loaded from file D:\wf\RawImageMode\original\0060.png
Trace|Loading resources for 8 'Status'
Trace|Loading resources for 8.1 'Switch'
Trace|Loading resources for 8.1.1 'Coordinates'
Trace|Loading resources for 8.1.1.4 'TextAlignment'
Trace|Loading image 101...
Trace|Image was loaded from file D:\wf\RawImageMode\original\0101.png
Trace|Loading resources for 8.2 'Switch'
Trace|Loading resources for 8.2.1 'Coordinates'
Trace|Loading resources for 8.2.1.4 'TextAlignment'
Trace|Loading image 102...
Trace|Image was loaded from file D:\wf\RawImageMode\original\0102.png
Trace|Loading resources for 8.3 'Switch'
Trace|Loading resources for 8.3.1 'Coordinates'
Trace|Loading resources for 8.3.1.4 'TextAlignment'
Trace|Loading image 103...
Trace|Image was loaded from file D:\wf\RawImageMode\original\0103.png
Trace|Loading resources for 8.4 'Battery'
Trace|Loading resources for 8.4.1 'BatteryCfg'
Trace|Loading resources for 8.4.1.2 'TextAlignment'
Trace|Loading resources for 8.4.2 'Number'
Trace|Loading resources for 8.4.2.5 'TextAlignment'
Trace|Loading image 61...
Trace|Image was loaded from file D:\wf\RawImageMode\original\0061.png
Trace|Loading image 62...
Trace|Image was loaded from file D:\wf\RawImageMode\original\0062.png
Trace|Loading image 63...
Trace|Image was loaded from file D:\wf\RawImageMode\original\0063.png
Trace|Loading image 64...
Trace|Image was loaded from file D:\wf\RawImageMode\original\0064.png
Trace|Loading image 65...
Trace|Image was loaded from file D:\wf\RawImageMode\original\0065.png
Trace|Loading image 66...
Trace|Image was loaded from file D:\wf\RawImageMode\original\0066.png
Trace|Loading image 67...
Trace|Image was loaded from file D:\wf\RawImageMode\original\0067.png
Trace|Loading image 68...
Trace|Image was loaded from file D:\wf\RawImageMode\original\0068.png
Trace|Loading image 69...
Trace|Image was loaded from file D:\wf\RawImageMode\original\0069.png
Trace|Loading image 70...
Trace|Image was loaded from file D:\wf\RawImageMode\original\0070.png
Trace|Loading resources for 8.4.3 'ImageSet'
Trace|Loading image 71...
Trace|Image was loaded from file D:\wf\RawImageMode\original\0071.png
Trace|Loading image 72...
Trace|Image was loaded from file D:\wf\RawImageMode\original\0072.png
Trace|Loading image 73...
Trace|Image was loaded from file D:\wf\RawImageMode\original\0073.png
Trace|Loading image 74...
Trace|Image was loaded from file D:\wf\RawImageMode\original\0074.png
Trace|Loading image 75...
Trace|Image was loaded from file D:\wf\RawImageMode\original\0075.png
Trace|Loading image 76...
Trace|Image was loaded from file D:\wf\RawImageMode\original\0076.png
Trace|Loading image 77...
Trace|Image was loaded from file D:\wf\RawImageMode\original\0077.png
Trace|Loading image 78...
Trace|Image was loaded from file D:\wf\RawImageMode\original\0078.png
Trace|Loading image 79...
Trace|Image was loaded from file D:\wf\RawImageMode\original\0079.png
Trace|Loading resources for 10 'AnalogDialFace'
Trace|Loading resources for 10.3 'ClockHand'
Trace|Loading resources for 10.3.1 'Boolean'
Trace|Loading resources for 10.3.3 'XY'
Trace|Building parameters for watch face...
Trace|2.1.1 'X': 0
Trace|2.1.2 'Y': 0
Trace|2.1.3 'ImageIndex': 0
Trace|2.1 'Image'
Trace|2 'Background'
Trace|3.1.1.1 'X': 10
Trace|3.1.1.2 'Y': 39
Trace|3.1.1.3 'ImageIndex': 1
Trace|3.1.1.4 'ImagesCount': 10
Trace|3.1.1 'Tens'
Trace|3.1.2.1 'X': 66
Trace|3.1.2.2 'Y': 39
Trace|3.1.2.3 'ImageIndex': 1
Trace|3.1.2.4 'ImagesCount': 10
Trace|3.1.2 'Ones'
Trace|3.1 'Hours'
Trace|3.2.1.1 'X': 10
Trace|3.2.1.2 'Y': 127
Trace|3.2.1.3 'ImageIndex': 11
Trace|3.2.1.4 'ImagesCount': 10
Trace|3.2.1 'Tens'
Trace|3.2.2.1 'X': 66
Trace|3.2.2.2 'Y': 127
Trace|3.2.2.3 'ImageIndex': 11
Trace|3.2.2.4 'ImagesCount': 10
Trace|3.2.2 'Ones'
Trace|3.2 'Minutes'
Trace|3 'Time'
Trace|4.1.1.1 'TopLeftX': 10
Trace|4.1.1.2 'TopLeftY': 210
Trace|4.1.1.3 'BottomRightX': 110
Trace|4.1.1.4 'BottomRightY': 30
Trace|4.1.1.5 'Alignment': 18
Trace|4.1.1.6 'Spacing': 1
Trace|4.1.1.7 'ImageIndex': 31
Trace|4.1.1.8 'ImagesCount': 10
Trace|4.1.1 'Number'
Trace|4.1 'Steps'
Trace|4.4.1.1 'TopLeftX': 97
Trace|4.4.1.2 'TopLeftY': 210
Trace|4.4.1.3 'BottomRightX': 110
Trace|4.4.1.4 'BottomRightY': 30
Trace|4.4.1.5 'Alignment': 18
Trace|4.4.1.6 'Spacing': 1
Trace|4.4.1.7 'ImageIndex': 21
Trace|4.4.1.8 'ImagesCount': 10
Trace|4.4.1 'Number'
Trace|4.4.2 'NoDataImageIndex': 0
Trace|4.4 'Pulse'
Trace|4 'Activity'
Trace|5.1.1.1.1 'TopLeftX': 97
Trace|5.1.1.1.2 'TopLeftY': 10
Trace|5.1.1.1.3 'BottomRightX': 0
Trace|5.1.1.1.4 'BottomRightY': 0
Trace|5.1.1.1.5 'Alignment': 18
Trace|5.1.1.1.6 'Spacing': 1
Trace|5.1.1.1.7 'ImageIndex': 41
Trace|5.1.1.1.8 'ImagesCount': 10
Trace|5.1.1.1 'Month'
Trace|5.1.1.3.1 'TopLeftX': 83
Trace|5.1.1.3.2 'TopLeftY': 10
Trace|5.1.1.3.3 'BottomRightX': 0
Trace|5.1.1.3.4 'BottomRightY': 0
Trace|5.1.1.3.5 'Alignment': 18
Trace|5.1.1.3.6 'Spacing': 1
Trace|5.1.1.3.7 'ImageIndex': 21
Trace|5.1.1.3.8 'ImagesCount': 10
Trace|5.1.1.3 'Day'
Trace|5.1.1 'Separate'
Trace|5.1.3 'TwoDigitsMonth': 1
Trace|5.1.4 'TwoDigitsDay': 1
Trace|5.1 'MonthAndDay'
Trace|5.2.1 'X': 65
Trace|5.2.2 'Y': 10
Trace|5.2.3 'ImageIndex': 80
Trace|5.2.4 'ImagesCount': 21
Trace|5.2 'WeekDay'
Trace|5 'Date'
Trace|7.2.1 'StartImageIndex': 51
Trace|7.2.2 'Segments'
Trace|7.2.2.1 'X': 10
Trace|7.2.2.2 'Y': 225
Trace|7.2.2 'Segments'
Trace|7.2.2.1 'X': 10
Trace|7.2.2.2 'Y': 225
Trace|7.2.2 'Segments'
Trace|7.2.2.1 'X': 10
Trace|7.2.2.2 'Y': 225
Trace|7.2.2 'Segments'
Trace|7.2.2.1 'X': 10
Trace|7.2.2.2 'Y': 225
Trace|7.2.2 'Segments'
Trace|7.2.2.1 'X': 10
Trace|7.2.2.2 'Y': 225
Trace|7.2.2 'Segments'
Trace|7.2.2.1 'X': 10
Trace|7.2.2.2 'Y': 225
Trace|7.2.2 'Segments'
Trace|7.2.2.1 'X': 10
Trace|7.2.2.2 'Y': 225
Trace|7.2.2 'Segments'
Trace|7.2.2.1 'X': 10
Trace|7.2.2.2 'Y': 225
Trace|7.2.2 'Segments'
Trace|7.2.2.1 'X': 10
Trace|7.2.2.2 'Y': 225
Trace|7.2.2 'Segments'
Trace|7.2.2.1 'X': 10
Trace|7.2.2.2 'Y': 225
Trace|7.2 'Linear'
Trace|7 'StepsProgress'
Trace|8.1.1.1 'X': 38
Trace|8.1.1.2 'Y': 20
Trace|8.1.1.3 'BoxWidth': 0
Trace|8.1.1.4 'Alignment': 0
Trace|8.1.1.5 'Order': 0
Trace|8.1.1 'Coordinates'
Trace|8.1.2 'ImageIndexOn': 101
Trace|8.1 'DoNotDisturb'
Trace|8.2.1.1 'X': 28
Trace|8.2.1.2 'Y': 20
Trace|8.2.1.3 'BoxWidth': 0
Trace|8.2.1.4 'Alignment': 0
Trace|8.2.1.5 'Order': 0
Trace|8.2.1 'Coordinates'
Trace|8.2.2 'ImageIndexOn': 102
Trace|8.2 'Lock'
Trace|8.3.1.1 'X': 48
Trace|8.3.1.2 'Y': 20
Trace|8.3.1.3 'BoxWidth': 0
Trace|8.3.1.4 'Alignment': 0
Trace|8.3.1.5 'Order': 0
Trace|8.3.1 'Coordinates'
Trace|8.3.3 'ImageIndexOff': 103
Trace|8.3 'Bluetooth'
Trace|8.4.1.1 'BoxWidth': 0
Trace|8.4.1.2 'Alignment': 0
Trace|8.4.1.3 'Order': 0
Trace|8.4.1 'BatteryConfig'
Trace|8.4.2.1 'TopLeftX': 10
Trace|8.4.2.2 'TopLeftY': 20
Trace|8.4.2.3 'BottomRightX': 110
Trace|8.4.2.4 'BottomRightY': 220
Trace|8.4.2.5 'Alignment': 18
Trace|8.4.2.6 'Spacing': 1
Trace|8.4.2.7 'ImageIndex': 61
Trace|8.4.2.8 'ImagesCount': 10
Trace|8.4.2 'Text'
Trace|8.4.3.1 'X': 10
Trace|8.4.3.2 'Y': 10
Trace|8.4.3.3 'ImageIndex': 71
Trace|8.4.3.4 'ImagesCount': 9
Trace|8.4.3 'Icon'
Trace|8.4 'Battery'
Trace|8 'Status'
Trace|10.3.1 'OnlyBorder': 1
Trace|10.3.2 'Color': 0
Trace|10.3.3.1 'X': 0
Trace|10.3.3.2 'Y': 0
Trace|10.3.3 'Center'
Trace|10.3.4 'Shape'
Trace|10.3.4.1 'X': 0
Trace|10.3.4.2 'Y': -1
Trace|10.3.4 'Shape'
Trace|10.3.4.1 'X': 1
Trace|10.3.4.2 'Y': 0
Trace|10.3.4 'Shape'
Trace|10.3.4.1 'X': 0
Trace|10.3.4.2 'Y': 1
Trace|10.3 'Seconds'
Trace|10 'AnalogDialFace'
Debug|Generating previews...
Debug|Writing watch face to 'D:\wf\RawImageMode\original\Round Green_packed.bin'
Trace|Encoding parameters...
Trace|Parameter: 2
Trace|1 (0A):
Trace|    1 (08): 0 (00)
Trace|    2 (10): 0 (00)
Trace|    3 (18): 0 (00)
Trace|8 bytes
Trace|Parameter: 3
Trace|1 (0A):
Trace|    1 (0A):
Trace|        1 (08): 10 (0A)
Trace|        2 (10): 39 (27)
Trace|        3 (18): 1 (01)
Trace|        4 (20): 10 (0A)
Trace|    10 bytes
Trace|    2 (12):
Trace|        1 (08): 66 (42)
Trace|        2 (10): 39 (27)
Trace|        3 (18): 1 (01)
Trace|        4 (20): 10 (0A)
Trace|    10 bytes
Trace|22 bytes
Trace|2 (12):
Trace|    1 (0A):
Trace|        1 (08): 10 (0A)
Trace|        2 (10): 127 (7F)
Trace|        3 (18): 11 (0B)
Trace|        4 (20): 10 (0A)
Trace|    10 bytes
Trace|    2 (12):
Trace|        1 (08): 66 (42)
Trace|        2 (10): 127 (7F)
Trace|        3 (18): 11 (0B)
Trace|        4 (20): 10 (0A)
Trace|    10 bytes
Trace|22 bytes
Trace|Parameter: 4
Trace|1 (0A):
Trace|    1 (0A):
Trace|        1 (08): 10 (0A)
Trace|        2 (10): 210 (D2)
Trace|        3 (18): 110 (6E)
Trace|        4 (20): 30 (1E)
Trace|        5 (28): 18 (12)
Trace|        6 (30): 1 (01)
Trace|        7 (38): 31 (1F)
Trace|        8 (40): 10 (0A)
Trace|    19 bytes
Trace|21 bytes
Trace|4 (22):
Trace|    1 (0A):
Trace|        1 (08): 97 (61)
Trace|        2 (10): 210 (D2)
Trace|        3 (18): 110 (6E)
Trace|        4 (20): 30 (1E)
Trace|        5 (28): 18 (12)
Trace|        6 (30): 1 (01)
Trace|        7 (38): 21 (15)
Trace|        8 (40): 10 (0A)
Trace|    19 bytes
Trace|    2 (10): 0 (00)
Trace|23 bytes
Trace|Parameter: 5
Trace|1 (0A):
Trace|    1 (0A):
Trace|        1 (0A):
Trace|            1 (08): 97 (61)
Trace|            2 (10): 10 (0A)
Trace|            3 (18): 0 (00)
Trace|            4 (20): 0 (00)
Trace|            5 (28): 18 (12)
Trace|            6 (30): 1 (01)
Trace|            7 (38): 41 (29)
Trace|            8 (40): 10 (0A)
Trace|        18 bytes
Trace|        3 (1A):
Trace|            1 (08): 83 (53)
Trace|            2 (10): 10 (0A)
Trace|            3 (18): 0 (00)
Trace|            4 (20): 0 (00)
Trace|            5 (28): 18 (12)
Trace|            6 (30): 1 (01)
Trace|            7 (38): 21 (15)
Trace|            8 (40): 10 (0A)
Trace|        18 bytes
Trace|    38 bytes
Trace|    3 (18): 1 (01)
Trace|    4 (20): 1 (01)
Trace|44 bytes
Trace|2 (12):
Trace|    1 (08): 65 (41)
Trace|    2 (10): 10 (0A)
Trace|    3 (18): 80 (50)
Trace|    4 (20): 21 (15)
Trace|10 bytes
Trace|Parameter: 7
Trace|2 (12):
Trace|    1 (08): 51 (33)
Trace|    2 (12):
Trace|        1 (08): 10 (0A)
Trace|        2 (10): 225 (E1)
Trace|    7 bytes
Trace|    2 (12):
Trace|        1 (08): 10 (0A)
Trace|        2 (10): 225 (E1)
Trace|    7 bytes
Trace|    2 (12):
Trace|        1 (08): 10 (0A)
Trace|        2 (10): 225 (E1)
Trace|    7 bytes
Trace|    2 (12):
Trace|        1 (08): 10 (0A)
Trace|        2 (10): 225 (E1)
Trace|    7 bytes
Trace|    2 (12):
Trace|        1 (08): 10 (0A)
Trace|        2 (10): 225 (E1)
Trace|    7 bytes
Trace|    2 (12):
Trace|        1 (08): 10 (0A)
Trace|        2 (10): 225 (E1)
Trace|    7 bytes
Trace|    2 (12):
Trace|        1 (08): 10 (0A)
Trace|        2 (10): 225 (E1)
Trace|    7 bytes
Trace|    2 (12):
Trace|        1 (08): 10 (0A)
Trace|        2 (10): 225 (E1)
Trace|    7 bytes
Trace|    2 (12):
Trace|        1 (08): 10 (0A)
Trace|        2 (10): 225 (E1)
Trace|    7 bytes
Trace|    2 (12):
Trace|        1 (08): 10 (0A)
Trace|        2 (10): 225 (E1)
Trace|    7 bytes
Trace|74 bytes
Trace|Parameter: 8
Trace|1 (0A):
Trace|    1 (0A):
Trace|        1 (08): 38 (26)
Trace|        2 (10): 20 (14)
Trace|        3 (18): 0 (00)
Trace|        4 (20): 0 (00)
Trace|        5 (28): 0 (00)
Trace|    12 bytes
Trace|    2 (10): 101 (65)
Trace|16 bytes
Trace|2 (12):
Trace|    1 (0A):
Trace|        1 (08): 28 (1C)
Trace|        2 (10): 20 (14)
Trace|        3 (18): 0 (00)
Trace|        4 (20): 0 (00)
Trace|        5 (28): 0 (00)
Trace|    12 bytes
Trace|    2 (10): 102 (66)
Trace|16 bytes
Trace|3 (1A):
Trace|    1 (0A):
Trace|        1 (08): 48 (30)
Trace|        2 (10): 20 (14)
Trace|        3 (18): 0 (00)
Trace|        4 (20): 0 (00)
Trace|        5 (28): 0 (00)
Trace|    12 bytes
Trace|    3 (18): 103 (67)
Trace|16 bytes
Trace|4 (22):
Trace|    1 (0A):
Trace|        1 (08): 0 (00)
Trace|        2 (10): 0 (00)
Trace|        3 (18): 0 (00)
Trace|    8 bytes
Trace|    2 (12):
Trace|        1 (08): 10 (0A)
Trace|        2 (10): 20 (14)
Trace|        3 (18): 110 (6E)
Trace|        4 (20): 220 (DC)
Trace|        5 (28): 18 (12)
Trace|        6 (30): 1 (01)
Trace|        7 (38): 61 (3D)
Trace|        8 (40): 10 (0A)
Trace|    19 bytes
Trace|    3 (1A):
Trace|        1 (08): 10 (0A)
Trace|        2 (10): 10 (0A)
Trace|        3 (18): 71 (47)
Trace|        4 (20): 9 (09)
Trace|    10 bytes
Trace|39 bytes
Trace|Parameter: 10
Trace|3 (1A):
Trace|    1 (08): 1 (01)
Trace|    2 (10): 0 (00)
Trace|    3 (1A):
Trace|        1 (08): 0 (00)
Trace|        2 (10): 0 (00)
Trace|    6 bytes
Trace|    4 (22):
Trace|        1 (08): 0 (00)
Trace|        2 (10): -1 (FFFFFFFFFFFFFFFF)
Trace|    15 bytes
Trace|    4 (22):
Trace|        1 (08): 1 (01)
Trace|        2 (10): 0 (00)
Trace|    6 bytes
Trace|    4 (22):
Trace|        1 (08): 0 (00)
Trace|        2 (10): 1 (01)
Trace|    6 bytes
Trace|39 bytes
Trace|Encoding offsets and lengths...
Trace|1 (0A):
Trace|    1 (08): 350 (15E)
Trace|    2 (10): 104 (68)
Trace|7 bytes
Trace|2 (12):
Trace|    1 (08): 0 (00)
Trace|    2 (10): 8 (08)
Trace|6 bytes
Trace|3 (1A):
Trace|    1 (08): 8 (08)
Trace|    2 (10): 44 (2C)
Trace|6 bytes
Trace|4 (22):
Trace|    1 (08): 52 (34)
Trace|    2 (10): 44 (2C)
Trace|6 bytes
Trace|5 (2A):
Trace|    1 (08): 96 (60)
Trace|    2 (10): 54 (36)
Trace|6 bytes
Trace|7 (3A):
Trace|    1 (08): 150 (96)
Trace|    2 (10): 74 (4A)
Trace|7 bytes
Trace|8 (42):
Trace|    1 (08): 224 (E0)
Trace|    2 (10): 87 (57)
Trace|7 bytes
Trace|10 (52):
Trace|    1 (08): 311 (137)
Trace|    2 (10): 39 (27)
Trace|7 bytes
Trace|Writing header...
Trace|Writing parameters offsets and lengths...
Trace|Writing parameters...
Trace|Writing images...
Trace|Resource 0 offset is 0...
Debug|Encoding resource 0...
Trace|Writing image in Raw mode
Trace|No Transparency image...
Trace|Writing image header...
Trace|Width: 120, Height: 240, RowLength: 240
Trace|BPP: 16, PaletteColors: 0, Transaparency: 0
Trace|Writing image...
Trace|Resource 1 offset is 57616...
Debug|Encoding resource 1...
Trace|Writing image in Raw mode
Trace|No Transparency image...
Trace|Writing image header...
Trace|Width: 44, Height: 73, RowLength: 88
Trace|BPP: 16, PaletteColors: 0, Transaparency: 0
Trace|Writing image...
Trace|Resource 2 offset is 64056...
Debug|Encoding resource 2...
Trace|Writing image in Raw mode
Trace|No Transparency image...
Trace|Writing image header...
Trace|Width: 44, Height: 73, RowLength: 88
Trace|BPP: 16, PaletteColors: 0, Transaparency: 0
Trace|Writing image...
Trace|Resource 3 offset is 70496...
Debug|Encoding resource 3...
Trace|Writing image in Raw mode
Trace|No Transparency image...
Trace|Writing image header...
Trace|Width: 44, Height: 73, RowLength: 88
Trace|BPP: 16, PaletteColors: 0, Transaparency: 0
Trace|Writing image...
Trace|Resource 4 offset is 76936...
Debug|Encoding resource 4...
Trace|Writing image in Raw mode
Trace|No Transparency image...
Trace|Writing image header...
Trace|Width: 44, Height: 73, RowLength: 88
Trace|BPP: 16, PaletteColors: 0, Transaparency: 0
Trace|Writing image...
Trace|Resource 5 offset is 83376...
Debug|Encoding resource 5...
Trace|Writing image in Raw mode
Trace|No Transparency image...
Trace|Writing image header...
Trace|Width: 44, Height: 73, RowLength: 88
Trace|BPP: 16, PaletteColors: 0, Transaparency: 0
Trace|Writing image...
Trace|Resource 6 offset is 89816...
Debug|Encoding resource 6...
Trace|Writing image in Raw mode
Trace|No Transparency image...
Trace|Writing image header...
Trace|Width: 44, Height: 73, RowLength: 88
Trace|BPP: 16, PaletteColors: 0, Transaparency: 0
Trace|Writing image...
Trace|Resource 7 offset is 96256...
Debug|Encoding resource 7...
Trace|Writing image in Raw mode
Trace|No Transparency image...
Trace|Writing image header...
Trace|Width: 44, Height: 73, RowLength: 88
Trace|BPP: 16, PaletteColors: 0, Transaparency: 0
Trace|Writing image...
Trace|Resource 8 offset is 102696...
Debug|Encoding resource 8...
Trace|Writing image in Raw mode
Trace|No Transparency image...
Trace|Writing image header...
Trace|Width: 44, Height: 73, RowLength: 88
Trace|BPP: 16, PaletteColors: 0, Transaparency: 0
Trace|Writing image...
Trace|Resource 9 offset is 109136...
Debug|Encoding resource 9...
Trace|Writing image in Raw mode
Trace|No Transparency image...
Trace|Writing image header...
Trace|Width: 44, Height: 73, RowLength: 88
Trace|BPP: 16, PaletteColors: 0, Transaparency: 0
Trace|Writing image...
Trace|Resource 10 offset is 115576...
Debug|Encoding resource 10...
Trace|Writing image in Raw mode
Trace|No Transparency image...
Trace|Writing image header...
Trace|Width: 44, Height: 73, RowLength: 88
Trace|BPP: 16, PaletteColors: 0, Transaparency: 0
Trace|Writing image...
Trace|Resource 11 offset is 122016...
Debug|Encoding resource 11...
Trace|Writing image in Raw mode
Trace|No Transparency image...
Trace|Writing image header...
Trace|Width: 44, Height: 73, RowLength: 88
Trace|BPP: 16, PaletteColors: 0, Transaparency: 0
Trace|Writing image...
Trace|Resource 12 offset is 128456...
Debug|Encoding resource 12...
Trace|Writing image in Raw mode
Trace|No Transparency image...
Trace|Writing image header...
Trace|Width: 44, Height: 73, RowLength: 88
Trace|BPP: 16, PaletteColors: 0, Transaparency: 0
Trace|Writing image...
Trace|Resource 13 offset is 134896...
Debug|Encoding resource 13...
Trace|Writing image in Raw mode
Trace|No Transparency image...
Trace|Writing image header...
Trace|Width: 44, Height: 73, RowLength: 88
Trace|BPP: 16, PaletteColors: 0, Transaparency: 0
Trace|Writing image...
Trace|Resource 14 offset is 141336...
Debug|Encoding resource 14...
Trace|Writing image in Raw mode
Trace|No Transparency image...
Trace|Writing image header...
Trace|Width: 44, Height: 73, RowLength: 88
Trace|BPP: 16, PaletteColors: 0, Transaparency: 0
Trace|Writing image...
Trace|Resource 15 offset is 147776...
Debug|Encoding resource 15...
Trace|Writing image in Raw mode
Trace|No Transparency image...
Trace|Writing image header...
Trace|Width: 44, Height: 73, RowLength: 88
Trace|BPP: 16, PaletteColors: 0, Transaparency: 0
Trace|Writing image...
Trace|Resource 16 offset is 154216...
Debug|Encoding resource 16...
Trace|Writing image in Raw mode
Trace|No Transparency image...
Trace|Writing image header...
Trace|Width: 44, Height: 73, RowLength: 88
Trace|BPP: 16, PaletteColors: 0, Transaparency: 0
Trace|Writing image...
Trace|Resource 17 offset is 160656...
Debug|Encoding resource 17...
Trace|Writing image in Raw mode
Trace|No Transparency image...
Trace|Writing image header...
Trace|Width: 44, Height: 73, RowLength: 88
Trace|BPP: 16, PaletteColors: 0, Transaparency: 0
Trace|Writing image...
Trace|Resource 18 offset is 167096...
Debug|Encoding resource 18...
Trace|Writing image in Raw mode
Trace|No Transparency image...
Trace|Writing image header...
Trace|Width: 44, Height: 73, RowLength: 88
Trace|BPP: 16, PaletteColors: 0, Transaparency: 0
Trace|Writing image...
Trace|Resource 19 offset is 173536...
Debug|Encoding resource 19...
Trace|Writing image in Raw mode
Trace|No Transparency image...
Trace|Writing image header...
Trace|Width: 44, Height: 73, RowLength: 88
Trace|BPP: 16, PaletteColors: 0, Transaparency: 0
Trace|Writing image...
Trace|Resource 20 offset is 179976...
Debug|Encoding resource 20...
Trace|Writing image in Raw mode
Trace|No Transparency image...
Trace|Writing image header...
Trace|Width: 44, Height: 73, RowLength: 88
Trace|BPP: 16, PaletteColors: 0, Transaparency: 0
Trace|Writing image...
Trace|Resource 21 offset is 186416...
Debug|Encoding resource 21...
Trace|Writing image in Raw mode
Trace|No Transparency image...
Trace|Writing image header...
Trace|Width: 6, Height: 10, RowLength: 12
Trace|BPP: 16, PaletteColors: 0, Transaparency: 0
Trace|Writing image...
Trace|Resource 22 offset is 186552...
Debug|Encoding resource 22...
Trace|Writing image in Raw mode
Trace|No Transparency image...
Trace|Writing image header...
Trace|Width: 6, Height: 10, RowLength: 12
Trace|BPP: 16, PaletteColors: 0, Transaparency: 0
Trace|Writing image...
Trace|Resource 23 offset is 186688...
Debug|Encoding resource 23...
Trace|Writing image in Raw mode
Trace|No Transparency image...
Trace|Writing image header...
Trace|Width: 6, Height: 10, RowLength: 12
Trace|BPP: 16, PaletteColors: 0, Transaparency: 0
Trace|Writing image...
Trace|Resource 24 offset is 186824...
Debug|Encoding resource 24...
Trace|Writing image in Raw mode
Trace|No Transparency image...
Trace|Writing image header...
Trace|Width: 6, Height: 10, RowLength: 12
Trace|BPP: 16, PaletteColors: 0, Transaparency: 0
Trace|Writing image...
Trace|Resource 25 offset is 186960...
Debug|Encoding resource 25...
Trace|Writing image in Raw mode
Trace|No Transparency image...
Trace|Writing image header...
Trace|Width: 6, Height: 10, RowLength: 12
Trace|BPP: 16, PaletteColors: 0, Transaparency: 0
Trace|Writing image...
Trace|Resource 26 offset is 187096...
Debug|Encoding resource 26...
Trace|Writing image in Raw mode
Trace|No Transparency image...
Trace|Writing image header...
Trace|Width: 6, Height: 10, RowLength: 12
Trace|BPP: 16, PaletteColors: 0, Transaparency: 0
Trace|Writing image...
Trace|Resource 27 offset is 187232...
Debug|Encoding resource 27...
Trace|Writing image in Raw mode
Trace|No Transparency image...
Trace|Writing image header...
Trace|Width: 6, Height: 10, RowLength: 12
Trace|BPP: 16, PaletteColors: 0, Transaparency: 0
Trace|Writing image...
Trace|Resource 28 offset is 187368...
Debug|Encoding resource 28...
Trace|Writing image in Raw mode
Trace|No Transparency image...
Trace|Writing image header...
Trace|Width: 6, Height: 10, RowLength: 12
Trace|BPP: 16, PaletteColors: 0, Transaparency: 0
Trace|Writing image...
Trace|Resource 29 offset is 187504...
Debug|Encoding resource 29...
Trace|Writing image in Raw mode
Trace|No Transparency image...
Trace|Writing image header...
Trace|Width: 6, Height: 10, RowLength: 12
Trace|BPP: 16, PaletteColors: 0, Transaparency: 0
Trace|Writing image...
Trace|Resource 30 offset is 187640...
Debug|Encoding resource 30...
Trace|Writing image in Raw mode
Trace|No Transparency image...
Trace|Writing image header...
Trace|Width: 6, Height: 10, RowLength: 12
Trace|BPP: 16, PaletteColors: 0, Transaparency: 0
Trace|Writing image...
Trace|Resource 31 offset is 187776...
Debug|Encoding resource 31...
Trace|Writing image in Raw mode
Trace|No Transparency image...
Trace|Writing image header...
Trace|Width: 6, Height: 10, RowLength: 12
Trace|BPP: 16, PaletteColors: 0, Transaparency: 0
Trace|Writing image...
Trace|Resource 32 offset is 187912...
Debug|Encoding resource 32...
Trace|Writing image in Raw mode
Trace|No Transparency image...
Trace|Writing image header...
Trace|Width: 6, Height: 10, RowLength: 12
Trace|BPP: 16, PaletteColors: 0, Transaparency: 0
Trace|Writing image...
Trace|Resource 33 offset is 188048...
Debug|Encoding resource 33...
Trace|Writing image in Raw mode
Trace|No Transparency image...
Trace|Writing image header...
Trace|Width: 6, Height: 10, RowLength: 12
Trace|BPP: 16, PaletteColors: 0, Transaparency: 0
Trace|Writing image...
Trace|Resource 34 offset is 188184...
Debug|Encoding resource 34...
Trace|Writing image in Raw mode
Trace|No Transparency image...
Trace|Writing image header...
Trace|Width: 6, Height: 10, RowLength: 12
Trace|BPP: 16, PaletteColors: 0, Transaparency: 0
Trace|Writing image...
Trace|Resource 35 offset is 188320...
Debug|Encoding resource 35...
Trace|Writing image in Raw mode
Trace|No Transparency image...
Trace|Writing image header...
Trace|Width: 6, Height: 10, RowLength: 12
Trace|BPP: 16, PaletteColors: 0, Transaparency: 0
Trace|Writing image...
Trace|Resource 36 offset is 188456...
Debug|Encoding resource 36...
Trace|Writing image in Raw mode
Trace|No Transparency image...
Trace|Writing image header...
Trace|Width: 6, Height: 10, RowLength: 12
Trace|BPP: 16, PaletteColors: 0, Transaparency: 0
Trace|Writing image...
Trace|Resource 37 offset is 188592...
Debug|Encoding resource 37...
Trace|Writing image in Raw mode
Trace|No Transparency image...
Trace|Writing image header...
Trace|Width: 6, Height: 10, RowLength: 12
Trace|BPP: 16, PaletteColors: 0, Transaparency: 0
Trace|Writing image...
Trace|Resource 38 offset is 188728...
Debug|Encoding resource 38...
Trace|Writing image in Raw mode
Trace|No Transparency image...
Trace|Writing image header...
Trace|Width: 6, Height: 10, RowLength: 12
Trace|BPP: 16, PaletteColors: 0, Transaparency: 0
Trace|Writing image...
Trace|Resource 39 offset is 188864...
Debug|Encoding resource 39...
Trace|Writing image in Raw mode
Trace|No Transparency image...
Trace|Writing image header...
Trace|Width: 6, Height: 10, RowLength: 12
Trace|BPP: 16, PaletteColors: 0, Transaparency: 0
Trace|Writing image...
Trace|Resource 40 offset is 189000...
Debug|Encoding resource 40...
Trace|Writing image in Raw mode
Trace|No Transparency image...
Trace|Writing image header...
Trace|Width: 6, Height: 10, RowLength: 12
Trace|BPP: 16, PaletteColors: 0, Transaparency: 0
Trace|Writing image...
Trace|Resource 41 offset is 189136...
Debug|Encoding resource 41...
Trace|Writing image in Raw mode
Trace|No Transparency image...
Trace|Writing image header...
Trace|Width: 6, Height: 10, RowLength: 12
Trace|BPP: 16, PaletteColors: 0, Transaparency: 0
Trace|Writing image...
Trace|Resource 42 offset is 189272...
Debug|Encoding resource 42...
Trace|Writing image in Raw mode
Trace|No Transparency image...
Trace|Writing image header...
Trace|Width: 6, Height: 10, RowLength: 12
Trace|BPP: 16, PaletteColors: 0, Transaparency: 0
Trace|Writing image...
Trace|Resource 43 offset is 189408...
Debug|Encoding resource 43...
Trace|Writing image in Raw mode
Trace|No Transparency image...
Trace|Writing image header...
Trace|Width: 6, Height: 10, RowLength: 12
Trace|BPP: 16, PaletteColors: 0, Transaparency: 0
Trace|Writing image...
Trace|Resource 44 offset is 189544...
Debug|Encoding resource 44...
Trace|Writing image in Raw mode
Trace|No Transparency image...
Trace|Writing image header...
Trace|Width: 6, Height: 10, RowLength: 12
Trace|BPP: 16, PaletteColors: 0, Transaparency: 0
Trace|Writing image...
Trace|Resource 45 offset is 189680...
Debug|Encoding resource 45...
Trace|Writing image in Raw mode
Trace|No Transparency image...
Trace|Writing image header...
Trace|Width: 6, Height: 10, RowLength: 12
Trace|BPP: 16, PaletteColors: 0, Transaparency: 0
Trace|Writing image...
Trace|Resource 46 offset is 189816...
Debug|Encoding resource 46...
Trace|Writing image in Raw mode
Trace|No Transparency image...
Trace|Writing image header...
Trace|Width: 6, Height: 10, RowLength: 12
Trace|BPP: 16, PaletteColors: 0, Transaparency: 0
Trace|Writing image...
Trace|Resource 47 offset is 189952...
Debug|Encoding resource 47...
Trace|Writing image in Raw mode
Trace|No Transparency image...
Trace|Writing image header...
Trace|Width: 6, Height: 10, RowLength: 12
Trace|BPP: 16, PaletteColors: 0, Transaparency: 0
Trace|Writing image...
Trace|Resource 48 offset is 190088...
Debug|Encoding resource 48...
Trace|Writing image in Raw mode
Trace|No Transparency image...
Trace|Writing image header...
Trace|Width: 6, Height: 10, RowLength: 12
Trace|BPP: 16, PaletteColors: 0, Transaparency: 0
Trace|Writing image...
Trace|Resource 49 offset is 190224...
Debug|Encoding resource 49...
Trace|Writing image in Raw mode
Trace|No Transparency image...
Trace|Writing image header...
Trace|Width: 6, Height: 10, RowLength: 12
Trace|BPP: 16, PaletteColors: 0, Transaparency: 0
Trace|Writing image...
Trace|Resource 50 offset is 190360...
Debug|Encoding resource 50...
Trace|Writing image in Raw mode
Trace|No Transparency image...
Trace|Writing image header...
Trace|Width: 6, Height: 10, RowLength: 12
Trace|BPP: 16, PaletteColors: 0, Transaparency: 0
Trace|Writing image...
Trace|Resource 51 offset is 190496...
Debug|Encoding resource 51...
Trace|Writing image in Raw mode
Trace|No Transparency image...
Trace|Writing image header...
Trace|Width: 100, Height: 5, RowLength: 200
Trace|BPP: 16, PaletteColors: 0, Transaparency: 0
Trace|Writing image...
Trace|Resource 52 offset is 191512...
Debug|Encoding resource 52...
Trace|Writing image in Raw mode
Trace|No Transparency image...
Trace|Writing image header...
Trace|Width: 100, Height: 5, RowLength: 200
Trace|BPP: 16, PaletteColors: 0, Transaparency: 0
Trace|Writing image...
Trace|Resource 53 offset is 192528...
Debug|Encoding resource 53...
Trace|Writing image in Raw mode
Trace|No Transparency image...
Trace|Writing image header...
Trace|Width: 100, Height: 5, RowLength: 200
Trace|BPP: 16, PaletteColors: 0, Transaparency: 0
Trace|Writing image...
Trace|Resource 54 offset is 193544...
Debug|Encoding resource 54...
Trace|Writing image in Raw mode
Trace|No Transparency image...
Trace|Writing image header...
Trace|Width: 100, Height: 5, RowLength: 200
Trace|BPP: 16, PaletteColors: 0, Transaparency: 0
Trace|Writing image...
Trace|Resource 55 offset is 194560...
Debug|Encoding resource 55...
Trace|Writing image in Raw mode
Trace|No Transparency image...
Trace|Writing image header...
Trace|Width: 100, Height: 5, RowLength: 200
Trace|BPP: 16, PaletteColors: 0, Transaparency: 0
Trace|Writing image...
Trace|Resource 56 offset is 195576...
Debug|Encoding resource 56...
Trace|Writing image in Raw mode
Trace|No Transparency image...
Trace|Writing image header...
Trace|Width: 100, Height: 5, RowLength: 200
Trace|BPP: 16, PaletteColors: 0, Transaparency: 0
Trace|Writing image...
Trace|Resource 57 offset is 196592...
Debug|Encoding resource 57...
Trace|Writing image in Raw mode
Trace|No Transparency image...
Trace|Writing image header...
Trace|Width: 100, Height: 5, RowLength: 200
Trace|BPP: 16, PaletteColors: 0, Transaparency: 0
Trace|Writing image...
Trace|Resource 58 offset is 197608...
Debug|Encoding resource 58...
Trace|Writing image in Raw mode
Trace|No Transparency image...
Trace|Writing image header...
Trace|Width: 100, Height: 5, RowLength: 200
Trace|BPP: 16, PaletteColors: 0, Transaparency: 0
Trace|Writing image...
Trace|Resource 59 offset is 198624...
Debug|Encoding resource 59...
Trace|Writing image in Raw mode
Trace|No Transparency image...
Trace|Writing image header...
Trace|Width: 100, Height: 5, RowLength: 200
Trace|BPP: 16, PaletteColors: 0, Transaparency: 0
Trace|Writing image...
Trace|Resource 60 offset is 199640...
Debug|Encoding resource 60...
Trace|Writing image in Raw mode
Trace|No Transparency image...
Trace|Writing image header...
Trace|Width: 100, Height: 5, RowLength: 200
Trace|BPP: 16, PaletteColors: 0, Transaparency: 0
Trace|Writing image...
Trace|Resource 61 offset is 200656...
Debug|Encoding resource 61...
Trace|Writing image in Raw mode
Trace|No Transparency image...
Trace|Writing image header...
Trace|Width: 6, Height: 10, RowLength: 12
Trace|BPP: 16, PaletteColors: 0, Transaparency: 0
Trace|Writing image...
Trace|Resource 62 offset is 200792...
Debug|Encoding resource 62...
Trace|Writing image in Raw mode
Trace|No Transparency image...
Trace|Writing image header...
Trace|Width: 6, Height: 10, RowLength: 12
Trace|BPP: 16, PaletteColors: 0, Transaparency: 0
Trace|Writing image...
Trace|Resource 63 offset is 200928...
Debug|Encoding resource 63...
Trace|Writing image in Raw mode
Trace|No Transparency image...
Trace|Writing image header...
Trace|Width: 6, Height: 10, RowLength: 12
Trace|BPP: 16, PaletteColors: 0, Transaparency: 0
Trace|Writing image...
Trace|Resource 64 offset is 201064...
Debug|Encoding resource 64...
Trace|Writing image in Raw mode
Trace|No Transparency image...
Trace|Writing image header...
Trace|Width: 6, Height: 10, RowLength: 12
Trace|BPP: 16, PaletteColors: 0, Transaparency: 0
Trace|Writing image...
Trace|Resource 65 offset is 201200...
Debug|Encoding resource 65...
Trace|Writing image in Raw mode
Trace|No Transparency image...
Trace|Writing image header...
Trace|Width: 6, Height: 10, RowLength: 12
Trace|BPP: 16, PaletteColors: 0, Transaparency: 0
Trace|Writing image...
Trace|Resource 66 offset is 201336...
Debug|Encoding resource 66...
Trace|Writing image in Raw mode
Trace|No Transparency image...
Trace|Writing image header...
Trace|Width: 6, Height: 10, RowLength: 12
Trace|BPP: 16, PaletteColors: 0, Transaparency: 0
Trace|Writing image...
Trace|Resource 67 offset is 201472...
Debug|Encoding resource 67...
Trace|Writing image in Raw mode
Trace|No Transparency image...
Trace|Writing image header...
Trace|Width: 6, Height: 10, RowLength: 12
Trace|BPP: 16, PaletteColors: 0, Transaparency: 0
Trace|Writing image...
Trace|Resource 68 offset is 201608...
Debug|Encoding resource 68...
Trace|Writing image in Raw mode
Trace|No Transparency image...
Trace|Writing image header...
Trace|Width: 6, Height: 10, RowLength: 12
Trace|BPP: 16, PaletteColors: 0, Transaparency: 0
Trace|Writing image...
Trace|Resource 69 offset is 201744...
Debug|Encoding resource 69...
Trace|Writing image in Raw mode
Trace|No Transparency image...
Trace|Writing image header...
Trace|Width: 6, Height: 10, RowLength: 12
Trace|BPP: 16, PaletteColors: 0, Transaparency: 0
Trace|Writing image...
Trace|Resource 70 offset is 201880...
Debug|Encoding resource 70...
Trace|Writing image in Raw mode
Trace|No Transparency image...
Trace|Writing image header...
Trace|Width: 6, Height: 10, RowLength: 12
Trace|BPP: 16, PaletteColors: 0, Transaparency: 0
Trace|Writing image...
Trace|Resource 71 offset is 202016...
Debug|Encoding resource 71...
Trace|Writing image in Raw mode
Trace|No Transparency image...
Trace|Writing image header...
Trace|Width: 44, Height: 5, RowLength: 88
Trace|BPP: 16, PaletteColors: 0, Transaparency: 0
Trace|Writing image...
Trace|Resource 72 offset is 202472...
Debug|Encoding resource 72...
Trace|Writing image in Raw mode
Trace|No Transparency image...
Trace|Writing image header...
Trace|Width: 44, Height: 5, RowLength: 88
Trace|BPP: 16, PaletteColors: 0, Transaparency: 0
Trace|Writing image...
Trace|Resource 73 offset is 202928...
Debug|Encoding resource 73...
Trace|Writing image in Raw mode
Trace|No Transparency image...
Trace|Writing image header...
Trace|Width: 44, Height: 5, RowLength: 88
Trace|BPP: 16, PaletteColors: 0, Transaparency: 0
Trace|Writing image...
Trace|Resource 74 offset is 203384...
Debug|Encoding resource 74...
Trace|Writing image in Raw mode
Trace|No Transparency image...
Trace|Writing image header...
Trace|Width: 44, Height: 5, RowLength: 88
Trace|BPP: 16, PaletteColors: 0, Transaparency: 0
Trace|Writing image...
Trace|Resource 75 offset is 203840...
Debug|Encoding resource 75...
Trace|Writing image in Raw mode
Trace|No Transparency image...
Trace|Writing image header...
Trace|Width: 44, Height: 5, RowLength: 88
Trace|BPP: 16, PaletteColors: 0, Transaparency: 0
Trace|Writing image...
Trace|Resource 76 offset is 204296...
Debug|Encoding resource 76...
Trace|Writing image in Raw mode
Trace|No Transparency image...
Trace|Writing image header...
Trace|Width: 44, Height: 5, RowLength: 88
Trace|BPP: 16, PaletteColors: 0, Transaparency: 0
Trace|Writing image...
Trace|Resource 77 offset is 204752...
Debug|Encoding resource 77...
Trace|Writing image in Raw mode
Trace|No Transparency image...
Trace|Writing image header...
Trace|Width: 44, Height: 5, RowLength: 88
Trace|BPP: 16, PaletteColors: 0, Transaparency: 0
Trace|Writing image...
Trace|Resource 78 offset is 205208...
Debug|Encoding resource 78...
Trace|Writing image in Raw mode
Trace|No Transparency image...
Trace|Writing image header...
Trace|Width: 44, Height: 5, RowLength: 88
Trace|BPP: 16, PaletteColors: 0, Transaparency: 0
Trace|Writing image...
Trace|Resource 79 offset is 205664...
Debug|Encoding resource 79...
Trace|Writing image in Raw mode
Trace|No Transparency image...
Trace|Writing image header...
Trace|Width: 44, Height: 5, RowLength: 88
Trace|BPP: 16, PaletteColors: 0, Transaparency: 0
Trace|Writing image...
Trace|Resource 80 offset is 206120...
Debug|Encoding resource 80...
Trace|Writing image in Raw mode
Trace|No Transparency image...
Trace|Writing image header...
Trace|Width: 13, Height: 10, RowLength: 26
Trace|BPP: 16, PaletteColors: 0, Transaparency: 0
Trace|Writing image...
Trace|Resource 81 offset is 206396...
Debug|Encoding resource 81...
Trace|Writing image in Raw mode
Trace|No Transparency image...
Trace|Writing image header...
Trace|Width: 13, Height: 10, RowLength: 26
Trace|BPP: 16, PaletteColors: 0, Transaparency: 0
Trace|Writing image...
Trace|Resource 82 offset is 206672...
Debug|Encoding resource 82...
Trace|Writing image in Raw mode
Trace|No Transparency image...
Trace|Writing image header...
Trace|Width: 13, Height: 10, RowLength: 26
Trace|BPP: 16, PaletteColors: 0, Transaparency: 0
Trace|Writing image...
Trace|Resource 83 offset is 206948...
Debug|Encoding resource 83...
Trace|Writing image in Raw mode
Trace|No Transparency image...
Trace|Writing image header...
Trace|Width: 13, Height: 10, RowLength: 26
Trace|BPP: 16, PaletteColors: 0, Transaparency: 0
Trace|Writing image...
Trace|Resource 84 offset is 207224...
Debug|Encoding resource 84...
Trace|Writing image in Raw mode
Trace|No Transparency image...
Trace|Writing image header...
Trace|Width: 13, Height: 10, RowLength: 26
Trace|BPP: 16, PaletteColors: 0, Transaparency: 0
Trace|Writing image...
Trace|Resource 85 offset is 207500...
Debug|Encoding resource 85...
Trace|Writing image in Raw mode
Trace|No Transparency image...
Trace|Writing image header...
Trace|Width: 13, Height: 10, RowLength: 26
Trace|BPP: 16, PaletteColors: 0, Transaparency: 0
Trace|Writing image...
Trace|Resource 86 offset is 207776...
Debug|Encoding resource 86...
Trace|Writing image in Raw mode
Trace|No Transparency image...
Trace|Writing image header...
Trace|Width: 13, Height: 10, RowLength: 26
Trace|BPP: 16, PaletteColors: 0, Transaparency: 0
Trace|Writing image...
Trace|Resource 87 offset is 208052...
Debug|Encoding resource 87...
Trace|Writing image in Raw mode
Trace|No Transparency image...
Trace|Writing image header...
Trace|Width: 13, Height: 10, RowLength: 26
Trace|BPP: 16, PaletteColors: 0, Transaparency: 0
Trace|Writing image...
Trace|Resource 88 offset is 208328...
Debug|Encoding resource 88...
Trace|Writing image in Raw mode
Trace|No Transparency image...
Trace|Writing image header...
Trace|Width: 13, Height: 10, RowLength: 26
Trace|BPP: 16, PaletteColors: 0, Transaparency: 0
Trace|Writing image...
Trace|Resource 89 offset is 208604...
Debug|Encoding resource 89...
Trace|Writing image in Raw mode
Trace|No Transparency image...
Trace|Writing image header...
Trace|Width: 13, Height: 10, RowLength: 26
Trace|BPP: 16, PaletteColors: 0, Transaparency: 0
Trace|Writing image...
Trace|Resource 90 offset is 208880...
Debug|Encoding resource 90...
Trace|Writing image in Raw mode
Trace|No Transparency image...
Trace|Writing image header...
Trace|Width: 13, Height: 10, RowLength: 26
Trace|BPP: 16, PaletteColors: 0, Transaparency: 0
Trace|Writing image...
Trace|Resource 91 offset is 209156...
Debug|Encoding resource 91...
Trace|Writing image in Raw mode
Trace|No Transparency image...
Trace|Writing image header...
Trace|Width: 13, Height: 10, RowLength: 26
Trace|BPP: 16, PaletteColors: 0, Transaparency: 0
Trace|Writing image...
Trace|Resource 92 offset is 209432...
Debug|Encoding resource 92...
Trace|Writing image in Raw mode
Trace|No Transparency image...
Trace|Writing image header...
Trace|Width: 13, Height: 10, RowLength: 26
Trace|BPP: 16, PaletteColors: 0, Transaparency: 0
Trace|Writing image...
Trace|Resource 93 offset is 209708...
Debug|Encoding resource 93...
Trace|Writing image in Raw mode
Trace|No Transparency image...
Trace|Writing image header...
Trace|Width: 13, Height: 10, RowLength: 26
Trace|BPP: 16, PaletteColors: 0, Transaparency: 0
Trace|Writing image...
Trace|Resource 94 offset is 209984...
Debug|Encoding resource 94...
Trace|Writing image in Raw mode
Trace|No Transparency image...
Trace|Writing image header...
Trace|Width: 13, Height: 10, RowLength: 26
Trace|BPP: 16, PaletteColors: 0, Transaparency: 0
Trace|Writing image...
Trace|Resource 95 offset is 210260...
Debug|Encoding resource 95...
Trace|Writing image in Raw mode
Trace|No Transparency image...
Trace|Writing image header...
Trace|Width: 13, Height: 10, RowLength: 26
Trace|BPP: 16, PaletteColors: 0, Transaparency: 0
Trace|Writing image...
Trace|Resource 96 offset is 210536...
Debug|Encoding resource 96...
Trace|Writing image in Raw mode
Trace|No Transparency image...
Trace|Writing image header...
Trace|Width: 13, Height: 10, RowLength: 26
Trace|BPP: 16, PaletteColors: 0, Transaparency: 0
Trace|Writing image...
Trace|Resource 97 offset is 210812...
Debug|Encoding resource 97...
Trace|Writing image in Raw mode
Trace|No Transparency image...
Trace|Writing image header...
Trace|Width: 13, Height: 10, RowLength: 26
Trace|BPP: 16, PaletteColors: 0, Transaparency: 0
Trace|Writing image...
Trace|Resource 98 offset is 211088...
Debug|Encoding resource 98...
Trace|Writing image in Raw mode
Trace|No Transparency image...
Trace|Writing image header...
Trace|Width: 13, Height: 10, RowLength: 26
Trace|BPP: 16, PaletteColors: 0, Transaparency: 0
Trace|Writing image...
Trace|Resource 99 offset is 211364...
Debug|Encoding resource 99...
Trace|Writing image in Raw mode
Trace|No Transparency image...
Trace|Writing image header...
Trace|Width: 13, Height: 10, RowLength: 26
Trace|BPP: 16, PaletteColors: 0, Transaparency: 0
Trace|Writing image...
Trace|Resource 100 offset is 211640...
Debug|Encoding resource 100...
Trace|Writing image in Raw mode
Trace|No Transparency image...
Trace|Writing image header...
Trace|Width: 13, Height: 10, RowLength: 26
Trace|BPP: 16, PaletteColors: 0, Transaparency: 0
Trace|Writing image...
Trace|Resource 101 offset is 211916...
Debug|Encoding resource 101...
Trace|Writing image in Raw mode
Trace|No Transparency image...
Trace|Writing image header...
Trace|Width: 10, Height: 10, RowLength: 20
Trace|BPP: 16, PaletteColors: 0, Transaparency: 0
Trace|Writing image...
Trace|Resource 102 offset is 212132...
Debug|Encoding resource 102...
Trace|Writing image in Raw mode
Trace|No Transparency image...
Trace|Writing image header...
Trace|Width: 10, Height: 10, RowLength: 20
Trace|BPP: 16, PaletteColors: 0, Transaparency: 0
Trace|Writing image...
Trace|Resource 103 offset is 212348...
Debug|Encoding resource 103...
Trace|Writing image in Raw mode
Trace|No Transparency image...
Trace|Writing image header...
Trace|Width: 10, Height: 10, RowLength: 20
Trace|BPP: 16, PaletteColors: 0, Transaparency: 0
Trace|Writing image...
Trace|Writing resources offsets table
Debug|Writing resources
