Debug|Reading config...
Debug|Reading referenced images from 'C:\Users\vrkknn\Desktop\wf\digital_green'
Trace|Loading resources for 2 'Background'
Trace|Loading resources for 2.1 'Image'
Trace|Loading image 0...
Trace|Image was loaded from file C:\Users\vrkknn\Desktop\wf\digital_green\0000.png
Trace|Loading resources for 3 'Time'
Trace|Loading resources for 3.1 'TwoDigits'
Trace|Loading resources for 3.1.1 'ImageSet'
Trace|Loading image 1...
Trace|Image was loaded from file C:\Users\vrkknn\Desktop\wf\digital_green\0001.png
Trace|Loading image 2...
Trace|Image was loaded from file C:\Users\vrkknn\Desktop\wf\digital_green\0002.png
Trace|Loading image 3...
Trace|Image was loaded from file C:\Users\vrkknn\Desktop\wf\digital_green\0003.png
Trace|Loading image 4...
Trace|Image was loaded from file C:\Users\vrkknn\Desktop\wf\digital_green\0004.png
Trace|Loading image 5...
Trace|Image was loaded from file C:\Users\vrkknn\Desktop\wf\digital_green\0005.png
Trace|Loading image 6...
Trace|Image was loaded from file C:\Users\vrkknn\Desktop\wf\digital_green\0006.png
Trace|Loading image 7...
Trace|Image was loaded from file C:\Users\vrkknn\Desktop\wf\digital_green\0007.png
Trace|Loading image 8...
Trace|Image was loaded from file C:\Users\vrkknn\Desktop\wf\digital_green\0008.png
Trace|Loading image 9...
Trace|Image was loaded from file C:\Users\vrkknn\Desktop\wf\digital_green\0009.png
Trace|Loading image 10...
Trace|Image was loaded from file C:\Users\vrkknn\Desktop\wf\digital_green\0010.png
Trace|Loading resources for 3.1.2 'ImageSet'
Trace|Loading resources for 3.2 'TwoDigits'
Trace|Loading resources for 3.2.1 'ImageSet'
Trace|Loading resources for 3.2.2 'ImageSet'
Trace|Loading resources for 4 'Activity'
Trace|Loading resources for 4.4 'PulseWrapper'
Trace|Loading resources for 4.4.1 'Number'
Trace|Loading resources for 4.4.1.5 'TextAlignment'
Trace|Loading image 11...
Trace|Image was loaded from file C:\Users\vrkknn\Desktop\wf\digital_green\0011.png
Trace|Loading image 12...
Trace|Image was loaded from file C:\Users\vrkknn\Desktop\wf\digital_green\0012.png
Trace|Loading image 13...
Trace|Image was loaded from file C:\Users\vrkknn\Desktop\wf\digital_green\0013.png
Trace|Loading image 14...
Trace|Image was loaded from file C:\Users\vrkknn\Desktop\wf\digital_green\0014.png
Trace|Loading image 15...
Trace|Image was loaded from file C:\Users\vrkknn\Desktop\wf\digital_green\0015.png
Trace|Loading image 16...
Trace|Image was loaded from file C:\Users\vrkknn\Desktop\wf\digital_green\0016.png
Trace|Loading image 17...
Trace|Image was loaded from file C:\Users\vrkknn\Desktop\wf\digital_green\0017.png
Trace|Loading image 18...
Trace|Image was loaded from file C:\Users\vrkknn\Desktop\wf\digital_green\0018.png
Trace|Loading image 19...
Trace|Image was loaded from file C:\Users\vrkknn\Desktop\wf\digital_green\0019.png
Trace|Loading image 20...
Trace|Image was loaded from file C:\Users\vrkknn\Desktop\wf\digital_green\0020.png
Trace|Loading resources for 5 'Date'
Trace|Loading resources for 5.1 'MonthAndDay'
Trace|Loading resources for 5.1.1 'SeparateMonthAndDay'
Trace|Loading resources for 5.1.1.1 'Number'
Trace|Loading resources for 5.1.1.1.5 'TextAlignment'
Trace|Loading resources for 5.1.1.3 'Number'
Trace|Loading resources for 5.1.1.3.5 'TextAlignment'
Trace|Loading resources for 5.1.3 'Boolean'
Trace|Loading resources for 5.1.4 'Boolean'
Trace|Loading resources for 8 'Status'
Trace|Loading resources for 8.1 'Switch'
Trace|Loading resources for 8.1.1 'Coordinates'
Trace|Loading resources for 8.1.1.4 'TextAlignment'
Trace|Loading image 27...
Trace|Image was loaded from file C:\Users\vrkknn\Desktop\wf\digital_green\0027.png
Trace|Loading resources for 8.2 'Switch'
Trace|Loading resources for 8.2.1 'Coordinates'
Trace|Loading resources for 8.2.1.4 'TextAlignment'
Trace|Loading image 28...
Trace|Image was loaded from file C:\Users\vrkknn\Desktop\wf\digital_green\0028.png
Trace|Loading resources for 8.3 'Switch'
Trace|Loading resources for 8.3.1 'Coordinates'
Trace|Loading resources for 8.3.1.4 'TextAlignment'
Trace|Loading image 26...
Trace|Image was loaded from file C:\Users\vrkknn\Desktop\wf\digital_green\0026.png
Trace|Loading resources for 8.4 'Battery'
Trace|Loading resources for 8.4.1 'BatteryCfg'
Trace|Loading resources for 8.4.1.2 'TextAlignment'
Trace|Loading resources for 8.4.3 'ImageSet'
Trace|Loading image 21...
Trace|Image was loaded from file C:\Users\vrkknn\Desktop\wf\digital_green\0021.png
Trace|Loading image 22...
Trace|Image was loaded from file C:\Users\vrkknn\Desktop\wf\digital_green\0022.png
Trace|Loading image 23...
Trace|Image was loaded from file C:\Users\vrkknn\Desktop\wf\digital_green\0023.png
Trace|Loading image 24...
Trace|Image was loaded from file C:\Users\vrkknn\Desktop\wf\digital_green\0024.png
Trace|Loading image 25...
Trace|Image was loaded from file C:\Users\vrkknn\Desktop\wf\digital_green\0025.png
Trace|Loading resources for 11 'Other'
Trace|Loading resources for 11.1 'Animation'
Trace|Loading resources for 11.1.1 'AnimationImage'
Trace|Loading image 29...
Trace|Image was loaded from file C:\Users\vrkknn\Desktop\wf\digital_green\0029.png
Trace|Loading image 30...
Trace|Image was loaded from file C:\Users\vrkknn\Desktop\wf\digital_green\0030.png
Trace|Loading image 31...
Trace|Image was loaded from file C:\Users\vrkknn\Desktop\wf\digital_green\0031.png
Trace|Loading image 32...
Trace|Image was loaded from file C:\Users\vrkknn\Desktop\wf\digital_green\0032.png
Trace|Loading image 33...
Trace|Image was loaded from file C:\Users\vrkknn\Desktop\wf\digital_green\0033.png
Trace|Loading image 34...
Trace|Image was loaded from file C:\Users\vrkknn\Desktop\wf\digital_green\0034.png
Trace|Building parameters for watch face...
Trace|2.1.1 'X': 0
Trace|2.1.2 'Y': 0
Trace|2.1.3 'ImageIndex': 0
Trace|2.1 'Image'
Trace|2 'Background'
Trace|3.1.1.1 'X': 9
Trace|3.1.1.2 'Y': 25
Trace|3.1.1.3 'ImageIndex': 1
Trace|3.1.1.4 'ImagesCount': 10
Trace|3.1.1 'Tens'
Trace|3.1.2.1 'X': 61
Trace|3.1.2.2 'Y': 25
Trace|3.1.2.3 'ImageIndex': 1
Trace|3.1.2.4 'ImagesCount': 10
Trace|3.1.2 'Ones'
Trace|3.1 'Hours'
Trace|3.2.1.1 'X': 9
Trace|3.2.1.2 'Y': 116
Trace|3.2.1.3 'ImageIndex': 1
Trace|3.2.1.4 'ImagesCount': 10
Trace|3.2.1 'Tens'
Trace|3.2.2.1 'X': 61
Trace|3.2.2.2 'Y': 116
Trace|3.2.2.3 'ImageIndex': 1
Trace|3.2.2.4 'ImagesCount': 10
Trace|3.2.2 'Ones'
Trace|3.2 'Minutes'
Trace|3 'Time'
Trace|4.4.1.1 'TopLeftX': 38
Trace|4.4.1.2 'TopLeftY': 218
Trace|4.4.1.3 'BottomRightX': 79
Trace|4.4.1.4 'BottomRightY': 234
Trace|4.4.1.5 'Alignment': 4
Trace|4.4.1.6 'Spacing': 0
Trace|4.4.1.7 'ImageIndex': 11
Trace|4.4.1.8 'ImagesCount': 10
Trace|4.4.1 'Number'
Trace|4.4.2 'NoDataImageIndex': 0
Trace|4.4 'Pulse'
Trace|4 'Activity'
Trace|5.1.1.1.1 'TopLeftX': 65
Trace|5.1.1.1.2 'TopLeftY': 196
Trace|5.1.1.1.3 'BottomRightX': 0
Trace|5.1.1.1.4 'BottomRightY': 0
Trace|5.1.1.1.5 'Alignment': 0
Trace|5.1.1.1.6 'Spacing': 0
Trace|5.1.1.1.7 'ImageIndex': 11
Trace|5.1.1.1.8 'ImagesCount': 10
Trace|5.1.1.1 'Month'
Trace|5.1.1.3.1 'TopLeftX': 29
Trace|5.1.1.3.2 'TopLeftY': 196
Trace|5.1.1.3.3 'BottomRightX': 0
Trace|5.1.1.3.4 'BottomRightY': 0
Trace|5.1.1.3.5 'Alignment': 0
Trace|5.1.1.3.6 'Spacing': 0
Trace|5.1.1.3.7 'ImageIndex': 11
Trace|5.1.1.3.8 'ImagesCount': 10
Trace|5.1.1.3 'Day'
Trace|5.1.1 'Separate'
Trace|5.1.3 'TwoDigitsMonth': 1
Trace|5.1.4 'TwoDigitsDay': 1
Trace|5.1 'MonthAndDay'
Trace|5 'Date'
Trace|8.1.1.1 'X': 22
Trace|8.1.1.2 'Y': 3
Trace|8.1.1.3 'BoxWidth': 0
Trace|8.1.1.4 'Alignment': 0
Trace|8.1.1.5 'Order': 0
Trace|8.1.1 'Coordinates'
Trace|8.1.2 'ImageIndexOn': 27
Trace|8.1 'DoNotDisturb'
Trace|8.2.1.1 'X': 40
Trace|8.2.1.2 'Y': 3
Trace|8.2.1.3 'BoxWidth': 0
Trace|8.2.1.4 'Alignment': 0
Trace|8.2.1.5 'Order': 0
Trace|8.2.1 'Coordinates'
Trace|8.2.2 'ImageIndexOn': 28
Trace|8.2 'Lock'
Trace|8.3.1.1 'X': 4
Trace|8.3.1.2 'Y': 3
Trace|8.3.1.3 'BoxWidth': 0
Trace|8.3.1.4 'Alignment': 0
Trace|8.3.1.5 'Order': 0
Trace|8.3.1 'Coordinates'
Trace|8.3.2 'ImageIndexOn': 26
Trace|8.3 'Bluetooth'
Trace|8.4.1.1 'BoxWidth': 0
Trace|8.4.1.2 'Alignment': 0
Trace|8.4.1.3 'Order': 0
Trace|8.4.1 'BatteryConfig'
Trace|8.4.3.1 'X': 92
Trace|8.4.3.2 'Y': 6
Trace|8.4.3.3 'ImageIndex': 21
Trace|8.4.3.4 'ImagesCount': 5
Trace|8.4.3 'Icon'
Trace|8.4 'Battery'
Trace|8 'Status'
Trace|11.1.1.1 'X': 34
Trace|11.1.1.2 'Y': 101
Trace|11.1.1.3 'ImageIndex': 29
Trace|11.1.1.4 'ImagesCount': 6
Trace|11.1.1.5 'X3': 0
Trace|11.1.1 'AnimationImage'
Trace|11.1.2 'Speed': 1
Trace|11.1.3 'RepeatCount': 5
Trace|11.1.4 'x2': 5
Trace|11.1 'Animation'
Trace|11 'Other'
Debug|Generating previews...
Debug|Writing watch face to 'C:\Users\vrkknn\Desktop\wf\digital_green\digital_green_packed.bin'
Trace|Encoding parameters...
Trace|Parameter: 2
Trace|1 (0A):
Trace|    1 (08): 0 (00)
Trace|    2 (10): 0 (00)
Trace|    3 (18): 0 (00)
Trace|8 bytes
Trace|Parameter: 3
Trace|1 (0A):
Trace|    1 (0A):
Trace|        1 (08): 9 (09)
Trace|        2 (10): 25 (19)
Trace|        3 (18): 1 (01)
Trace|        4 (20): 10 (0A)
Trace|    10 bytes
Trace|    2 (12):
Trace|        1 (08): 61 (3D)
Trace|        2 (10): 25 (19)
Trace|        3 (18): 1 (01)
Trace|        4 (20): 10 (0A)
Trace|    10 bytes
Trace|22 bytes
Trace|2 (12):
Trace|    1 (0A):
Trace|        1 (08): 9 (09)
Trace|        2 (10): 116 (74)
Trace|        3 (18): 1 (01)
Trace|        4 (20): 10 (0A)
Trace|    10 bytes
Trace|    2 (12):
Trace|        1 (08): 61 (3D)
Trace|        2 (10): 116 (74)
Trace|        3 (18): 1 (01)
Trace|        4 (20): 10 (0A)
Trace|    10 bytes
Trace|22 bytes
Trace|Parameter: 4
Trace|4 (22):
Trace|    1 (0A):
Trace|        1 (08): 38 (26)
Trace|        2 (10): 218 (DA)
Trace|        3 (18): 79 (4F)
Trace|        4 (20): 234 (EA)
Trace|        5 (28): 4 (04)
Trace|        6 (30): 0 (00)
Trace|        7 (38): 11 (0B)
Trace|        8 (40): 10 (0A)
Trace|    20 bytes
Trace|    2 (10): 0 (00)
Trace|24 bytes
Trace|Parameter: 5
Trace|1 (0A):
Trace|    1 (0A):
Trace|        1 (0A):
Trace|            1 (08): 65 (41)
Trace|            2 (10): 196 (C4)
Trace|            3 (18): 0 (00)
Trace|            4 (20): 0 (00)
Trace|            5 (28): 0 (00)
Trace|            6 (30): 0 (00)
Trace|            7 (38): 11 (0B)
Trace|            8 (40): 10 (0A)
Trace|        19 bytes
Trace|        3 (1A):
Trace|            1 (08): 29 (1D)
Trace|            2 (10): 196 (C4)
Trace|            3 (18): 0 (00)
Trace|            4 (20): 0 (00)
Trace|            5 (28): 0 (00)
Trace|            6 (30): 0 (00)
Trace|            7 (38): 11 (0B)
Trace|            8 (40): 10 (0A)
Trace|        19 bytes
Trace|    40 bytes
Trace|    3 (18): 1 (01)
Trace|    4 (20): 1 (01)
Trace|46 bytes
Trace|Parameter: 8
Trace|1 (0A):
Trace|    1 (0A):
Trace|        1 (08): 22 (16)
Trace|        2 (10): 3 (03)
Trace|        3 (18): 0 (00)
Trace|        4 (20): 0 (00)
Trace|        5 (28): 0 (00)
Trace|    12 bytes
Trace|    2 (10): 27 (1B)
Trace|16 bytes
Trace|2 (12):
Trace|    1 (0A):
Trace|        1 (08): 40 (28)
Trace|        2 (10): 3 (03)
Trace|        3 (18): 0 (00)
Trace|        4 (20): 0 (00)
Trace|        5 (28): 0 (00)
Trace|    12 bytes
Trace|    2 (10): 28 (1C)
Trace|16 bytes
Trace|3 (1A):
Trace|    1 (0A):
Trace|        1 (08): 4 (04)
Trace|        2 (10): 3 (03)
Trace|        3 (18): 0 (00)
Trace|        4 (20): 0 (00)
Trace|        5 (28): 0 (00)
Trace|    12 bytes
Trace|    2 (10): 26 (1A)
Trace|16 bytes
Trace|4 (22):
Trace|    1 (0A):
Trace|        1 (08): 0 (00)
Trace|        2 (10): 0 (00)
Trace|        3 (18): 0 (00)
Trace|    8 bytes
Trace|    3 (1A):
Trace|        1 (08): 92 (5C)
Trace|        2 (10): 6 (06)
Trace|        3 (18): 21 (15)
Trace|        4 (20): 5 (05)
Trace|    10 bytes
Trace|20 bytes
Trace|Parameter: 11
Trace|1 (0A):
Trace|    1 (0A):
Trace|        1 (08): 34 (22)
Trace|        2 (10): 101 (65)
Trace|        3 (18): 29 (1D)
Trace|        4 (20): 6 (06)
Trace|        5 (28): 0 (00)
Trace|    12 bytes
Trace|    2 (10): 1 (01)
Trace|    3 (18): 5 (05)
Trace|    4 (20): 5 (05)
Trace|20 bytes
Trace|Encoding offsets and lengths...
Trace|1 (0A):
Trace|    1 (08): 210 (D2)
Trace|    2 (10): 35 (23)
Trace|7 bytes
Trace|2 (12):
Trace|    1 (08): 0 (00)
Trace|    2 (10): 8 (08)
Trace|6 bytes
Trace|3 (1A):
Trace|    1 (08): 8 (08)
Trace|    2 (10): 44 (2C)
Trace|6 bytes
Trace|4 (22):
Trace|    1 (08): 52 (34)
Trace|    2 (10): 24 (18)
Trace|6 bytes
Trace|5 (2A):
Trace|    1 (08): 76 (4C)
Trace|    2 (10): 46 (2E)
Trace|6 bytes
Trace|8 (42):
Trace|    1 (08): 122 (7A)
Trace|    2 (10): 68 (44)
Trace|6 bytes
Trace|11 (5A):
Trace|    1 (08): 190 (BE)
Trace|    2 (10): 20 (14)
Trace|7 bytes
Trace|Writing header...
Trace|Writing parameters offsets and lengths...
Trace|Writing parameters...
Trace|Writing images...
Trace|Resource 0 offset is 0...
Debug|Encoding resource 0...
Trace|Writing image in Raw mode
Trace|No Transparency image...
Trace|Writing image header...
Trace|Width: 120, Height: 240, RowLength: 240
Trace|BPP: 16, PaletteColors: 0, Transaparency: 0
Trace|Writing image...
Trace|Resource 1 offset is 57616...
Debug|Encoding resource 1...
Trace|Writing image in Raw mode
Trace|Transparency image...
Trace|Writing image header...
Trace|Width: 48, Height: 75, RowLength: 192
Trace|BPP: 32, PaletteColors: 0, Transaparency: 0
Trace|Writing image...
Trace|Resource 2 offset is 72032...
Debug|Encoding resource 2...
Trace|Writing image in Raw mode
Trace|Transparency image...
Trace|Writing image header...
Trace|Width: 48, Height: 75, RowLength: 192
Trace|BPP: 32, PaletteColors: 0, Transaparency: 0
Trace|Writing image...
Trace|Resource 3 offset is 86448...
Debug|Encoding resource 3...
Trace|Writing image in Raw mode
Trace|Transparency image...
Trace|Writing image header...
Trace|Width: 48, Height: 75, RowLength: 192
Trace|BPP: 32, PaletteColors: 0, Transaparency: 0
Trace|Writing image...
Trace|Resource 4 offset is 100864...
Debug|Encoding resource 4...
Trace|Writing image in Raw mode
Trace|Transparency image...
Trace|Writing image header...
Trace|Width: 48, Height: 75, RowLength: 192
Trace|BPP: 32, PaletteColors: 0, Transaparency: 0
Trace|Writing image...
Trace|Resource 5 offset is 115280...
Debug|Encoding resource 5...
Trace|Writing image in Raw mode
Trace|Transparency image...
Trace|Writing image header...
Trace|Width: 48, Height: 75, RowLength: 192
Trace|BPP: 32, PaletteColors: 0, Transaparency: 0
Trace|Writing image...
Trace|Resource 6 offset is 129696...
Debug|Encoding resource 6...
Trace|Writing image in Raw mode
Trace|Transparency image...
Trace|Writing image header...
Trace|Width: 48, Height: 75, RowLength: 192
Trace|BPP: 32, PaletteColors: 0, Transaparency: 0
Trace|Writing image...
Trace|Resource 7 offset is 144112...
Debug|Encoding resource 7...
Trace|Writing image in Raw mode
Trace|Transparency image...
Trace|Writing image header...
Trace|Width: 48, Height: 75, RowLength: 192
Trace|BPP: 32, PaletteColors: 0, Transaparency: 0
Trace|Writing image...
Trace|Resource 8 offset is 158528...
Debug|Encoding resource 8...
Trace|Writing image in Raw mode
Trace|Transparency image...
Trace|Writing image header...
Trace|Width: 48, Height: 75, RowLength: 192
Trace|BPP: 32, PaletteColors: 0, Transaparency: 0
Trace|Writing image...
Trace|Resource 9 offset is 172944...
Debug|Encoding resource 9...
Trace|Writing image in Raw mode
Trace|Transparency image...
Trace|Writing image header...
Trace|Width: 48, Height: 75, RowLength: 192
Trace|BPP: 32, PaletteColors: 0, Transaparency: 0
Trace|Writing image...
Trace|Resource 10 offset is 187360...
Debug|Encoding resource 10...
Trace|Writing image in Raw mode
Trace|Transparency image...
Trace|Writing image header...
Trace|Width: 48, Height: 75, RowLength: 192
Trace|BPP: 32, PaletteColors: 0, Transaparency: 0
Trace|Writing image...
Trace|Resource 11 offset is 201776...
Debug|Encoding resource 11...
Trace|Writing image in Raw mode
Trace|Transparency image...
Trace|Writing image header...
Trace|Width: 13, Height: 19, RowLength: 52
Trace|BPP: 32, PaletteColors: 0, Transaparency: 0
Trace|Writing image...
Trace|Resource 12 offset is 202780...
Debug|Encoding resource 12...
Trace|Writing image in Raw mode
Trace|Transparency image...
Trace|Writing image header...
Trace|Width: 13, Height: 19, RowLength: 52
Trace|BPP: 32, PaletteColors: 0, Transaparency: 0
Trace|Writing image...
Trace|Resource 13 offset is 203784...
Debug|Encoding resource 13...
Trace|Writing image in Raw mode
Trace|Transparency image...
Trace|Writing image header...
Trace|Width: 13, Height: 19, RowLength: 52
Trace|BPP: 32, PaletteColors: 0, Transaparency: 0
Trace|Writing image...
Trace|Resource 14 offset is 204788...
Debug|Encoding resource 14...
Trace|Writing image in Raw mode
Trace|Transparency image...
Trace|Writing image header...
Trace|Width: 13, Height: 19, RowLength: 52
Trace|BPP: 32, PaletteColors: 0, Transaparency: 0
Trace|Writing image...
Trace|Resource 15 offset is 205792...
Debug|Encoding resource 15...
Trace|Writing image in Raw mode
Trace|Transparency image...
Trace|Writing image header...
Trace|Width: 13, Height: 19, RowLength: 52
Trace|BPP: 32, PaletteColors: 0, Transaparency: 0
Trace|Writing image...
Trace|Resource 16 offset is 206796...
Debug|Encoding resource 16...
Trace|Writing image in Raw mode
Trace|Transparency image...
Trace|Writing image header...
Trace|Width: 13, Height: 19, RowLength: 52
Trace|BPP: 32, PaletteColors: 0, Transaparency: 0
Trace|Writing image...
Trace|Resource 17 offset is 207800...
Debug|Encoding resource 17...
Trace|Writing image in Raw mode
Trace|Transparency image...
Trace|Writing image header...
Trace|Width: 13, Height: 19, RowLength: 52
Trace|BPP: 32, PaletteColors: 0, Transaparency: 0
Trace|Writing image...
Trace|Resource 18 offset is 208804...
Debug|Encoding resource 18...
Trace|Writing image in Raw mode
Trace|Transparency image...
Trace|Writing image header...
Trace|Width: 13, Height: 19, RowLength: 52
Trace|BPP: 32, PaletteColors: 0, Transaparency: 0
Trace|Writing image...
Trace|Resource 19 offset is 209808...
Debug|Encoding resource 19...
Trace|Writing image in Raw mode
Trace|Transparency image...
Trace|Writing image header...
Trace|Width: 13, Height: 19, RowLength: 52
Trace|BPP: 32, PaletteColors: 0, Transaparency: 0
Trace|Writing image...
Trace|Resource 20 offset is 210812...
Debug|Encoding resource 20...
Trace|Writing image in Raw mode
Trace|Transparency image...
Trace|Writing image header...
Trace|Width: 13, Height: 19, RowLength: 52
Trace|BPP: 32, PaletteColors: 0, Transaparency: 0
Trace|Writing image...
Trace|Resource 21 offset is 211816...
Debug|Encoding resource 21...
Trace|Writing image in Raw mode
Trace|Transparency image...
Trace|Writing image header...
Trace|Width: 23, Height: 13, RowLength: 92
Trace|BPP: 32, PaletteColors: 0, Transaparency: 0
Trace|Writing image...
Trace|Resource 22 offset is 213028...
Debug|Encoding resource 22...
Trace|Writing image in Raw mode
Trace|Transparency image...
Trace|Writing image header...
Trace|Width: 23, Height: 13, RowLength: 92
Trace|BPP: 32, PaletteColors: 0, Transaparency: 0
Trace|Writing image...
Trace|Resource 23 offset is 214240...
Debug|Encoding resource 23...
Trace|Writing image in Raw mode
Trace|Transparency image...
Trace|Writing image header...
Trace|Width: 23, Height: 13, RowLength: 92
Trace|BPP: 32, PaletteColors: 0, Transaparency: 0
Trace|Writing image...
Trace|Resource 24 offset is 215452...
Debug|Encoding resource 24...
Trace|Writing image in Raw mode
Trace|Transparency image...
Trace|Writing image header...
Trace|Width: 23, Height: 13, RowLength: 92
Trace|BPP: 32, PaletteColors: 0, Transaparency: 0
Trace|Writing image...
Trace|Resource 25 offset is 216664...
Debug|Encoding resource 25...
Trace|Writing image in Raw mode
Trace|Transparency image...
Trace|Writing image header...
Trace|Width: 23, Height: 13, RowLength: 92
Trace|BPP: 32, PaletteColors: 0, Transaparency: 0
Trace|Writing image...
Trace|Resource 26 offset is 217876...
Debug|Encoding resource 26...
Trace|Writing image in Raw mode
Trace|Transparency image...
Trace|Writing image header...
Trace|Width: 13, Height: 19, RowLength: 52
Trace|BPP: 32, PaletteColors: 0, Transaparency: 0
Trace|Writing image...
Trace|Resource 27 offset is 218880...
Debug|Encoding resource 27...
Trace|Writing image in Raw mode
Trace|Transparency image...
Trace|Writing image header...
Trace|Width: 13, Height: 19, RowLength: 52
Trace|BPP: 32, PaletteColors: 0, Transaparency: 0
Trace|Writing image...
Trace|Resource 28 offset is 219884...
Debug|Encoding resource 28...
Trace|Writing image in Raw mode
Trace|Transparency image...
Trace|Writing image header...
Trace|Width: 13, Height: 19, RowLength: 52
Trace|BPP: 32, PaletteColors: 0, Transaparency: 0
Trace|Writing image...
Trace|Resource 29 offset is 220888...
Debug|Encoding resource 29...
Trace|Writing image in Raw mode
Trace|Transparency image...
Trace|Writing image header...
Trace|Width: 52, Height: 13, RowLength: 208
Trace|BPP: 32, PaletteColors: 0, Transaparency: 0
Trace|Writing image...
Trace|Resource 30 offset is 223608...
Debug|Encoding resource 30...
Trace|Writing image in Raw mode
Trace|Transparency image...
Trace|Writing image header...
Trace|Width: 52, Height: 13, RowLength: 208
Trace|BPP: 32, PaletteColors: 0, Transaparency: 0
Trace|Writing image...
Trace|Resource 31 offset is 226328...
Debug|Encoding resource 31...
Trace|Writing image in Raw mode
Trace|Transparency image...
Trace|Writing image header...
Trace|Width: 52, Height: 13, RowLength: 208
Trace|BPP: 32, PaletteColors: 0, Transaparency: 0
Trace|Writing image...
Trace|Resource 32 offset is 229048...
Debug|Encoding resource 32...
Trace|Writing image in Raw mode
Trace|Transparency image...
Trace|Writing image header...
Trace|Width: 1, Height: 1, RowLength: 4
Trace|BPP: 32, PaletteColors: 0, Transaparency: 0
Trace|Writing image...
Trace|Resource 33 offset is 229068...
Debug|Encoding resource 33...
Trace|Writing image in Raw mode
Trace|Transparency image...
Trace|Writing image header...
Trace|Width: 1, Height: 1, RowLength: 4
Trace|BPP: 32, PaletteColors: 0, Transaparency: 0
Trace|Writing image...
Trace|Resource 34 offset is 229088...
Debug|Encoding resource 34...
Trace|Writing image in Raw mode
Trace|Transparency image...
Trace|Writing image header...
Trace|Width: 1, Height: 1, RowLength: 4
Trace|BPP: 32, PaletteColors: 0, Transaparency: 0
Trace|Writing image...
Trace|Writing resources offsets table
Debug|Writing resources
